{
  "RSpec": {
    "coverage": {
      "/Users/carrot-2/Library/Mobile Documents/com~apple~CloudDocs/Makers/cloned-repos/bookmarks/spec/bookmark_spec.rb": {
        "lines": [
          1,
          null,
          1,
          null,
          1,
          1,
          1,
          1,
          1,
          null,
          null,
          null,
          1,
          1,
          1,
          1,
          null,
          null,
          1,
          1,
          1,
          null,
          null,
          null,
          null,
          null,
          null,
          null,
          null,
          null,
          null
        ]
      },
      "/Users/carrot-2/Library/Mobile Documents/com~apple~CloudDocs/Makers/cloned-repos/bookmarks/spec/feature/bookmarks_page_spec.rb": {
        "lines": [
          1,
          1,
          1,
          1,
          null,
          1,
          1,
          1,
          null,
          null,
          1,
          1,
          1,
          1,
          1,
          1,
          null,
          null,
          1,
          1,
          1,
          1,
          1,
          1,
          null,
          null,
          null,
          null,
          null,
          null
        ]
      },
      "/Users/carrot-2/Library/Mobile Documents/com~apple~CloudDocs/Makers/cloned-repos/bookmarks/spec/feature/deleting_bookmarks_spec.rb": {
        "lines": [
          1,
          1,
          1,
          1,
          1,
          1,
          0,
          null,
          null
        ]
      },
      "/Users/carrot-2/Library/Mobile Documents/com~apple~CloudDocs/Makers/cloned-repos/bookmarks/spec/feature/simple_index_spec.rb": {
        "lines": [
          1,
          1,
          1,
          1,
          null,
          null
        ]
      }
    },
    "timestamp": 1611940008
  }
}
